<?xml version="1.0" encoding="UTF-8"?>
<robot generator="Robot 3.2.2 (Python 3.9.2 on win32)" generated="20210907 17:50:57.350" rpa="false">
<suite id="s1" name="Testcase" source="C:\Doc\Class Robot\homework2\testcase">
<suite id="s1-s1" name="Login" source="C:\Doc\Class Robot\homework2\testcase\login.robot">
<test id="s1-s1-t1" name="Login with Username and Password">
<kw name="Go to login page" type="setup">
<kw name="Open Browser" library="SeleniumLibrary">
<doc>Opens a new browser instance to the optional ``url``.</doc>
<arguments>
<arg>${URL}</arg>
<arg>${BROWSER}</arg>
</arguments>
<msg timestamp="20210907 17:50:58.243" level="INFO">Opening browser 'chrome' to base url 'http://www.doppio-tech.com:8080/login'.</msg>
<status status="PASS" starttime="20210907 17:50:58.243" endtime="20210907 17:50:59.678"></status>
</kw>
<kw name="Maximize Browser Window" library="SeleniumLibrary">
<doc>Maximizes current browser window.</doc>
<status status="PASS" starttime="20210907 17:50:59.679" endtime="20210907 17:50:59.814"></status>
</kw>
<status status="PASS" starttime="20210907 17:50:58.242" endtime="20210907 17:50:59.814"></status>
</kw>
<kw name="Login to Jenkins">
<arguments>
<arg>dummy</arg>
<arg>dummy</arg>
<arg>${message}  </arg>
<arg>dummy is missing the Overall/Read permission</arg>
</arguments>
<kw name="Wait Until Element Is Visible" library="SeleniumLibrary">
<doc>Waits until the element ``locator`` is visible.</doc>
<arguments>
<arg>${User}</arg>
</arguments>
<status status="PASS" starttime="20210907 17:50:59.815" endtime="20210907 17:50:59.846"></status>
</kw>
<kw name="Input Text" library="SeleniumLibrary">
<doc>Types the given ``text`` into the text field identified by ``locator``.</doc>
<arguments>
<arg>name=j_username</arg>
<arg>${Username}</arg>
</arguments>
<msg timestamp="20210907 17:50:59.847" level="INFO">Typing text 'dummy' into text field 'name=j_username'.</msg>
<status status="PASS" starttime="20210907 17:50:59.846" endtime="20210907 17:50:59.900"></status>
</kw>
<kw name="Wait Until Element Is Visible" library="SeleniumLibrary">
<doc>Waits until the element ``locator`` is visible.</doc>
<arguments>
<arg>${Pass}</arg>
</arguments>
<status status="PASS" starttime="20210907 17:50:59.900" endtime="20210907 17:50:59.920"></status>
</kw>
<kw name="Input Text" library="SeleniumLibrary">
<doc>Types the given ``text`` into the text field identified by ``locator``.</doc>
<arguments>
<arg>name=j_password</arg>
<arg>${Password}</arg>
</arguments>
<msg timestamp="20210907 17:50:59.920" level="INFO">Typing text 'dummy' into text field 'name=j_password'.</msg>
<status status="PASS" starttime="20210907 17:50:59.920" endtime="20210907 17:50:59.987"></status>
</kw>
<kw name="Click Element" library="SeleniumLibrary">
<doc>Click the element identified by ``locator``.</doc>
<arguments>
<arg>name=Submit</arg>
</arguments>
<msg timestamp="20210907 17:50:59.987" level="INFO">Clicking element 'name=Submit'.</msg>
<status status="PASS" starttime="20210907 17:50:59.987" endtime="20210907 17:51:00.674"></status>
</kw>
<kw name="Element Text Should Be" library="SeleniumLibrary">
<doc>Verifies that element ``locator`` contains exact the text ``expected``.</doc>
<arguments>
<arg>${Locator}</arg>
<arg>${Text}</arg>
</arguments>
<msg timestamp="20210907 17:51:00.675" level="INFO">Verifying element 'xpath=//h1[contains(text(),'Access Denied')]/following-sibling::p  ' contains exact text 'dummy is missing the Overall/Read permission'.</msg>
<status status="PASS" starttime="20210907 17:51:00.674" endtime="20210907 17:51:00.693"></status>
</kw>
<status status="PASS" starttime="20210907 17:50:59.814" endtime="20210907 17:51:00.693"></status>
</kw>
<kw name="Close Browser" library="SeleniumLibrary" type="teardown">
<doc>Closes the current browser.</doc>
<status status="PASS" starttime="20210907 17:51:00.694" endtime="20210907 17:51:02.931"></status>
</kw>
<status status="PASS" starttime="20210907 17:50:58.240" endtime="20210907 17:51:02.932" critical="yes"></status>
</test>
<test id="s1-s1-t2" name="Login with Username and Password">
<kw name="Go to login page" type="setup">
<kw name="Open Browser" library="SeleniumLibrary">
<doc>Opens a new browser instance to the optional ``url``.</doc>
<arguments>
<arg>${URL}</arg>
<arg>${BROWSER}</arg>
</arguments>
<msg timestamp="20210907 17:51:02.936" level="INFO">Opening browser 'chrome' to base url 'http://www.doppio-tech.com:8080/login'.</msg>
<status status="PASS" starttime="20210907 17:51:02.935" endtime="20210907 17:51:04.389"></status>
</kw>
<kw name="Maximize Browser Window" library="SeleniumLibrary">
<doc>Maximizes current browser window.</doc>
<status status="PASS" starttime="20210907 17:51:04.389" endtime="20210907 17:51:04.530"></status>
</kw>
<status status="PASS" starttime="20210907 17:51:02.935" endtime="20210907 17:51:04.531"></status>
</kw>
<kw name="Login to Jenkins">
<arguments>
<arg>Invalid</arg>
<arg>dummy</arg>
<arg>${error_message}</arg>
<arg>Invalid username or password</arg>
</arguments>
<kw name="Wait Until Element Is Visible" library="SeleniumLibrary">
<doc>Waits until the element ``locator`` is visible.</doc>
<arguments>
<arg>${User}</arg>
</arguments>
<status status="PASS" starttime="20210907 17:51:04.532" endtime="20210907 17:51:04.558"></status>
</kw>
<kw name="Input Text" library="SeleniumLibrary">
<doc>Types the given ``text`` into the text field identified by ``locator``.</doc>
<arguments>
<arg>name=j_username</arg>
<arg>${Username}</arg>
</arguments>
<msg timestamp="20210907 17:51:04.559" level="INFO">Typing text 'Invalid' into text field 'name=j_username'.</msg>
<status status="PASS" starttime="20210907 17:51:04.558" endtime="20210907 17:51:04.623"></status>
</kw>
<kw name="Wait Until Element Is Visible" library="SeleniumLibrary">
<doc>Waits until the element ``locator`` is visible.</doc>
<arguments>
<arg>${Pass}</arg>
</arguments>
<status status="PASS" starttime="20210907 17:51:04.623" endtime="20210907 17:51:04.648"></status>
</kw>
<kw name="Input Text" library="SeleniumLibrary">
<doc>Types the given ``text`` into the text field identified by ``locator``.</doc>
<arguments>
<arg>name=j_password</arg>
<arg>${Password}</arg>
</arguments>
<msg timestamp="20210907 17:51:04.648" level="INFO">Typing text 'dummy' into text field 'name=j_password'.</msg>
<status status="PASS" starttime="20210907 17:51:04.648" endtime="20210907 17:51:04.707"></status>
</kw>
<kw name="Click Element" library="SeleniumLibrary">
<doc>Click the element identified by ``locator``.</doc>
<arguments>
<arg>name=Submit</arg>
</arguments>
<msg timestamp="20210907 17:51:04.708" level="INFO">Clicking element 'name=Submit'.</msg>
<status status="PASS" starttime="20210907 17:51:04.707" endtime="20210907 17:51:04.922"></status>
</kw>
<kw name="Element Text Should Be" library="SeleniumLibrary">
<doc>Verifies that element ``locator`` contains exact the text ``expected``.</doc>
<arguments>
<arg>${Locator}</arg>
<arg>${Text}</arg>
</arguments>
<msg timestamp="20210907 17:51:04.923" level="INFO">Verifying element 'xpath=//div[@class='alert alert-danger']' contains exact text 'Invalid username or password'.</msg>
<status status="PASS" starttime="20210907 17:51:04.922" endtime="20210907 17:51:04.947"></status>
</kw>
<status status="PASS" starttime="20210907 17:51:04.531" endtime="20210907 17:51:04.947"></status>
</kw>
<kw name="Close Browser" library="SeleniumLibrary" type="teardown">
<doc>Closes the current browser.</doc>
<status status="PASS" starttime="20210907 17:51:04.947" endtime="20210907 17:51:07.160"></status>
</kw>
<status status="PASS" starttime="20210907 17:51:02.934" endtime="20210907 17:51:07.161" critical="yes"></status>
</test>
<status status="PASS" starttime="20210907 17:50:57.371" endtime="20210907 17:51:07.162"></status>
</suite>
<status status="PASS" starttime="20210907 17:50:57.352" endtime="20210907 17:51:07.164"></status>
</suite>
<statistics>
<total>
<stat pass="2" fail="0">Critical Tests</stat>
<stat pass="2" fail="0">All Tests</stat>
</total>
<tag>
</tag>
<suite>
<stat pass="2" fail="0" id="s1" name="Testcase">Testcase</stat>
<stat pass="2" fail="0" id="s1-s1" name="Login">Testcase.Login</stat>
</suite>
</statistics>
<errors>
<msg timestamp="20210907 17:51:02.933" level="WARN">Multiple test cases with name 'Login with Username and Password' executed in test suite 'Testcase.Login'.</msg>
</errors>
</robot>
