<?xml version="1.0" encoding="UTF-8"?>
<robot generator="Robot 3.2.2 (Python 3.9.2 on win32)" generated="20210908 18:01:31.709" rpa="false">
<suite id="s1" name="Testcase" source="C:\Doc\homework2\testcase">
<suite id="s1-s1" name="Login" source="C:\Doc\homework2\testcase\login.robot">
<test id="s1-s1-t1" name="Login with Username and Password">
<kw name="Go to login page" type="setup">
<kw name="Open Browser" library="SeleniumLibrary">
<doc>Opens a new browser instance to the optional ``url``.</doc>
<arguments>
<arg>${URL}</arg>
<arg>${BROWSER}</arg>
</arguments>
<msg timestamp="20210908 18:01:32.233" level="INFO">Opening browser 'chrome' to base url 'http://www.doppio-tech.com:8080/login'.</msg>
<status status="PASS" starttime="20210908 18:01:32.233" endtime="20210908 18:01:36.582"></status>
</kw>
<kw name="Maximize Browser Window" library="SeleniumLibrary">
<doc>Maximizes current browser window.</doc>
<status status="PASS" starttime="20210908 18:01:36.582" endtime="20210908 18:01:36.728"></status>
</kw>
<status status="PASS" starttime="20210908 18:01:32.232" endtime="20210908 18:01:36.728"></status>
</kw>
<kw name="Login to Jenkins">
<arguments>
<arg>dummy</arg>
<arg>dummy</arg>
<arg>${message}  </arg>
<arg>dummy is missing the Overall/Read permission</arg>
</arguments>
<kw name="Wait Until Element Is Visible" library="SeleniumLibrary">
<doc>Waits until the element ``locator`` is visible.</doc>
<arguments>
<arg>${User}</arg>
</arguments>
<status status="PASS" starttime="20210908 18:01:36.731" endtime="20210908 18:01:36.780"></status>
</kw>
<kw name="Input Text" library="SeleniumLibrary">
<doc>Types the given ``text`` into the text field identified by ``locator``.</doc>
<arguments>
<arg>name=j_username</arg>
<arg>${Username}</arg>
</arguments>
<msg timestamp="20210908 18:01:36.780" level="INFO">Typing text 'dummy' into text field 'name=j_username'.</msg>
<status status="PASS" starttime="20210908 18:01:36.780" endtime="20210908 18:01:36.884"></status>
</kw>
<kw name="Wait Until Element Is Visible" library="SeleniumLibrary">
<doc>Waits until the element ``locator`` is visible.</doc>
<arguments>
<arg>${Pass}</arg>
</arguments>
<status status="PASS" starttime="20210908 18:01:36.884" endtime="20210908 18:01:36.920"></status>
</kw>
<kw name="Input Text" library="SeleniumLibrary">
<doc>Types the given ``text`` into the text field identified by ``locator``.</doc>
<arguments>
<arg>name=j_password</arg>
<arg>${Password}</arg>
</arguments>
<msg timestamp="20210908 18:01:36.921" level="INFO">Typing text 'dummy' into text field 'name=j_password'.</msg>
<status status="PASS" starttime="20210908 18:01:36.921" endtime="20210908 18:01:37.068"></status>
</kw>
<kw name="Click Element" library="SeleniumLibrary">
<doc>Click the element identified by ``locator``.</doc>
<arguments>
<arg>name=Submit</arg>
</arguments>
<msg timestamp="20210908 18:01:37.069" level="INFO">Clicking element 'name=Submit'.</msg>
<status status="PASS" starttime="20210908 18:01:37.069" endtime="20210908 18:01:38.429"></status>
</kw>
<kw name="Element Text Should Be" library="SeleniumLibrary">
<doc>Verifies that element ``locator`` contains exact the text ``expected``.</doc>
<arguments>
<arg>${Locator}</arg>
<arg>${Text}</arg>
</arguments>
<msg timestamp="20210908 18:01:38.430" level="INFO">Verifying element 'xpath=//h1[contains(text(),'Access Denied')]/following-sibling::p  ' contains exact text 'dummy is missing the Overall/Read permission'.</msg>
<status status="PASS" starttime="20210908 18:01:38.429" endtime="20210908 18:01:38.480"></status>
</kw>
<status status="PASS" starttime="20210908 18:01:36.730" endtime="20210908 18:01:38.480"></status>
</kw>
<kw name="Close Browser" library="SeleniumLibrary" type="teardown">
<doc>Closes the current browser.</doc>
<status status="PASS" starttime="20210908 18:01:38.482" endtime="20210908 18:01:40.751"></status>
</kw>
<status status="PASS" starttime="20210908 18:01:32.229" endtime="20210908 18:01:40.752" critical="yes"></status>
</test>
<test id="s1-s1-t2" name="Login with Username and Password">
<kw name="Go to login page" type="setup">
<kw name="Open Browser" library="SeleniumLibrary">
<doc>Opens a new browser instance to the optional ``url``.</doc>
<arguments>
<arg>${URL}</arg>
<arg>${BROWSER}</arg>
</arguments>
<msg timestamp="20210908 18:01:40.761" level="INFO">Opening browser 'chrome' to base url 'http://www.doppio-tech.com:8080/login'.</msg>
<status status="PASS" starttime="20210908 18:01:40.760" endtime="20210908 18:01:42.968"></status>
</kw>
<kw name="Maximize Browser Window" library="SeleniumLibrary">
<doc>Maximizes current browser window.</doc>
<status status="PASS" starttime="20210908 18:01:42.968" endtime="20210908 18:01:43.129"></status>
</kw>
<status status="PASS" starttime="20210908 18:01:40.759" endtime="20210908 18:01:43.129"></status>
</kw>
<kw name="Login to Jenkins">
<arguments>
<arg>Invalid</arg>
<arg>dummy</arg>
<arg>${error_message}</arg>
<arg>Invalid username or password</arg>
</arguments>
<kw name="Wait Until Element Is Visible" library="SeleniumLibrary">
<doc>Waits until the element ``locator`` is visible.</doc>
<arguments>
<arg>${User}</arg>
</arguments>
<status status="PASS" starttime="20210908 18:01:43.134" endtime="20210908 18:01:43.192"></status>
</kw>
<kw name="Input Text" library="SeleniumLibrary">
<doc>Types the given ``text`` into the text field identified by ``locator``.</doc>
<arguments>
<arg>name=j_username</arg>
<arg>${Username}</arg>
</arguments>
<msg timestamp="20210908 18:01:43.193" level="INFO">Typing text 'Invalid' into text field 'name=j_username'.</msg>
<status status="PASS" starttime="20210908 18:01:43.192" endtime="20210908 18:01:43.287"></status>
</kw>
<kw name="Wait Until Element Is Visible" library="SeleniumLibrary">
<doc>Waits until the element ``locator`` is visible.</doc>
<arguments>
<arg>${Pass}</arg>
</arguments>
<status status="PASS" starttime="20210908 18:01:43.287" endtime="20210908 18:01:43.330"></status>
</kw>
<kw name="Input Text" library="SeleniumLibrary">
<doc>Types the given ``text`` into the text field identified by ``locator``.</doc>
<arguments>
<arg>name=j_password</arg>
<arg>${Password}</arg>
</arguments>
<msg timestamp="20210908 18:01:43.331" level="INFO">Typing text 'dummy' into text field 'name=j_password'.</msg>
<status status="PASS" starttime="20210908 18:01:43.330" endtime="20210908 18:01:43.456"></status>
</kw>
<kw name="Click Element" library="SeleniumLibrary">
<doc>Click the element identified by ``locator``.</doc>
<arguments>
<arg>name=Submit</arg>
</arguments>
<msg timestamp="20210908 18:01:43.456" level="INFO">Clicking element 'name=Submit'.</msg>
<status status="PASS" starttime="20210908 18:01:43.456" endtime="20210908 18:01:43.943"></status>
</kw>
<kw name="Element Text Should Be" library="SeleniumLibrary">
<doc>Verifies that element ``locator`` contains exact the text ``expected``.</doc>
<arguments>
<arg>${Locator}</arg>
<arg>${Text}</arg>
</arguments>
<msg timestamp="20210908 18:01:43.944" level="INFO">Verifying element 'xpath=//div[@class='alert alert-danger']' contains exact text 'Invalid username or password'.</msg>
<status status="PASS" starttime="20210908 18:01:43.943" endtime="20210908 18:01:43.994"></status>
</kw>
<status status="PASS" starttime="20210908 18:01:43.132" endtime="20210908 18:01:43.994"></status>
</kw>
<kw name="Close Browser" library="SeleniumLibrary" type="teardown">
<doc>Closes the current browser.</doc>
<status status="PASS" starttime="20210908 18:01:43.995" endtime="20210908 18:01:46.268"></status>
</kw>
<status status="PASS" starttime="20210908 18:01:40.757" endtime="20210908 18:01:46.269" critical="yes"></status>
</test>
<status status="PASS" starttime="20210908 18:01:31.753" endtime="20210908 18:01:46.273"></status>
</suite>
<status status="PASS" starttime="20210908 18:01:31.712" endtime="20210908 18:01:46.287"></status>
</suite>
<statistics>
<total>
<stat pass="2" fail="0">Critical Tests</stat>
<stat pass="2" fail="0">All Tests</stat>
</total>
<tag>
</tag>
<suite>
<stat pass="2" fail="0" id="s1" name="Testcase">Testcase</stat>
<stat pass="2" fail="0" id="s1-s1" name="Login">Testcase.Login</stat>
</suite>
</statistics>
<errors>
<msg timestamp="20210908 18:01:40.755" level="WARN">Multiple test cases with name 'Login with Username and Password' executed in test suite 'Testcase.Login'.</msg>
</errors>
</robot>
